/uufs/chpc.utah.edu/common/home/u1079968/codes/SMCPy/smcpy/smc/particles.py:192: UserWarning: Covariance matrix is not positive definite; setting off-diagonal terms to zero.
  warnings.warn('Covariance matrix is not positive definite; setting '
/uufs/chpc.utah.edu/common/home/u1079968/codes/SMCPy/smcpy/samplers.py:157: RuntimeWarning: invalid value encountered in double_scalars
  ESS = np.sum(beta) ** 2 / np.sum(beta ** 2)
/uufs/chpc.utah.edu/common/home/u1079968/codes/SMCPy/smcpy/mcmc/mcmc_base.py:172: RuntimeWarning: overflow encountered in square
  squared_errors = np.square(self._data-output)
/uufs/chpc.utah.edu/common/home/u1079968/codes/SMCPy/smcpy/samplers.py:156: RuntimeWarning: invalid value encountered in multiply
  beta = np.exp((phi_new - phi_old) * particles.log_likes)
/uufs/chpc.utah.edu/common/home/u1079968/codes/SMCPy/smcpy/log_likelihoods.py:43: RuntimeWarning: overflow encountered in square
  ssqe = np.sum((output - data) ** 2, axis=1)
/uufs/chpc.utah.edu/common/home/u1079968/.conda/envs/myenv/lib/python3.7/site-packages/numpy/core/fromnumeric.py:87: RuntimeWarning: overflow encountered in reduce
  return ufunc.reduce(obj, axis, dtype, out, **passkwargs)
error with proposal creation
error with proposal creation
error with proposal creation
error with proposal creation
error with proposal creation
******************/0.95\******************
error with proposal creation
error with proposal creation
error with proposal creation
error with proposal creation
error with proposal creation
/uufs/chpc.utah.edu/common/home/u1079968/codes/SMCPy/smcpy/log_likelihoods.py:46: RuntimeWarning: overflow encountered in true_divide
  term2 = -1 / 2. * ssqe / var
error with proposal creation
******************/0.94\******************
error with proposal creation
error with proposal creation
error with proposal creation
error with proposal creation
error with proposal creation
/uufs/chpc.utah.edu/common/home/u1079968/.conda/envs/myenv/lib/python3.7/site-packages/scipy/stats/_distn_infrastructure.py:1760: RuntimeWarning: invalid value encountered in true_divide
  x = np.asarray((x - loc)/scale, dtype=dtyp)
fail
error with proposal creation
******************/0.93\******************
error with proposal creation
error with proposal creation
error with proposal creation
error with proposal creation
error with proposal creation
******************/0.95\******************
error with proposal creation
error with proposal creation
error with proposal creation
error with proposal creation
error with proposal creation
******************/0.95\******************
error with proposal creation
error with proposal creation
error with proposal creation
error with proposal creation
error with proposal creation
error with proposal creation
error with proposal creation
error with proposal creation
******************/0.92\******************
error with proposal creation
error with proposal creation
error with proposal creation
error with proposal creation
error with proposal creation
error with proposal creation
error with proposal creation
******************/0.93\******************
error with proposal creation
error with proposal creation
error with proposal creation
/uufs/chpc.utah.edu/common/home/u1079968/codes/bingo/bingo/symbolic_regression/bayes_fitness/bayes_fitness_function.py:106: RuntimeWarning: Mean of empty slice
  return np.nanmean(nmlls)
error with proposal creation
******************/0.95\******************
error with proposal creation
/uufs/chpc.utah.edu/common/home/u1079968/codes/SMCPy/smcpy/smc/particles.py:139: RuntimeWarning: invalid value encountered in subtract
  shifted_weights = np.exp(log_weights - np.max(log_weights))
/uufs/chpc.utah.edu/common/home/u1079968/codes/SMCPy/smcpy/smc/particles.py:155: RuntimeWarning: divide by zero encountered in double_scalars
  return 1 / np.sum(self.weights ** 2)
error with proposal creation
error with proposal creation
error with proposal creation
error with proposal creation
******************/0.94\******************
error with proposal creation
error with proposal creation
error with proposal creation
error with proposal creation
error with proposal creation
error with proposal creation
******************/0.94\******************
error with proposal creation
error with proposal creation
error with proposal creation
error with proposal creation
error with proposal creation
error with proposal creation
******************/0.93\******************
error with proposal creation
error with proposal creation
error with proposal creation
error with proposal creation
error with proposal creation
error with proposal creation
error with proposal creation
error with proposal creation
error with proposal creation
******************/0.91\******************
error with proposal creation
error with proposal creation
error with proposal creation
error with proposal creation
error with proposal creation
error with proposal creation
error with proposal creation
error with proposal creation
error with proposal creation
******************/0.9\******************
error with proposal creation
error with proposal creation
error with proposal creation
error with proposal creation
error with proposal creation
error with proposal creation
error with proposal creation
error with proposal creation
error with proposal creation
error with proposal creation
error with proposal creation
******************/0.89\******************
error with proposal creation
error with proposal creation
error with proposal creation
error with proposal creation
error with proposal creation
error with proposal creation
error with proposal creation
error with proposal creation
error with proposal creation
******************/0.91\******************
error with proposal creation
error with proposal creation
error with proposal creation
error with proposal creation
error with proposal creation
error with proposal creation
error with proposal creation
error with proposal creation
******************/0.91\******************
error with proposal creation
error with proposal creation
error with proposal creation
error with proposal creation
error with proposal creation
error with proposal creation
error with proposal creation
error with proposal creation
error with proposal creation
error with proposal creation
******************/0.89\******************
error with proposal creation
error with proposal creation
error with proposal creation
error with proposal creation
error with proposal creation
error with proposal creation
error with proposal creation
error with proposal creation
error with proposal creation
error with proposal creation
******************/0.9\******************
error with proposal creation
error with proposal creation
error with proposal creation
error with proposal creation
error with proposal creation
error with proposal creation
error with proposal creation
error with proposal creation
error with proposal creation
error with proposal creation
error with proposal creation
******************/0.89\******************
error with proposal creation
error with proposal creation
error with proposal creation
error with proposal creation
fail
error with proposal creation
error with proposal creation
error with proposal creation
error with proposal creation
error with proposal creation
******************/0.9\******************
error with proposal creation
error with proposal creation
error with proposal creation
error with proposal creation
error with proposal creation
******************/0.95\******************
error with proposal creation
error with proposal creation
error with proposal creation
error with proposal creation
error with proposal creation
******************/0.94\******************
error with proposal creation
error with proposal creation
error with proposal creation
******************/0.97\******************
error with proposal creation
error with proposal creation
error with proposal creation
error with proposal creation
error with proposal creation
******************/0.95\******************
error with proposal creation
error with proposal creation
error with proposal creation
error with proposal creation
error with proposal creation
******************/0.95\******************
error with proposal creation
error with proposal creation
error with proposal creation
error with proposal creation
error with proposal creation
error with proposal creation
******************/0.94\******************
error with proposal creation
error with proposal creation
error with proposal creation
error with proposal creation
error with proposal creation
******************/0.95\******************
error with proposal creation
error with proposal creation
error with proposal creation
error with proposal creation
error with proposal creation
******************/0.95\******************
error with proposal creation
error with proposal creation
error with proposal creation
error with proposal creation
error with proposal creation
******************/0.94\******************
error with proposal creation
error with proposal creation
error with proposal creation
error with proposal creation
error with proposal creation
error with proposal creation
******************/0.94\******************
/uufs/chpc.utah.edu/common/home/u1079968/codes/bingo/bingo/symbolic_regression/__init__.py:31: UserWarning: Could not load C++ modules No module named 'bingocpp'
  warnings.warn(f"Could not load C++ modules {import_err}")
/uufs/chpc.utah.edu/common/home/u1079968/codes/SMCPy/smcpy/smc/particles.py:192: UserWarning: Covariance matrix is not positive definite; setting off-diagonal terms to zero.
  warnings.warn('Covariance matrix is not positive definite; setting '
/uufs/chpc.utah.edu/common/home/u1079968/codes/bingo/bingo/symbolic_regression/agraph/evaluation_backend/operator_eval.py:166: RuntimeWarning: overflow encountered in power
  return np.power(forward_eval[param1], forward_eval[param2])
/uufs/chpc.utah.edu/common/home/u1079968/.conda/envs/myenv/lib/python3.7/site-packages/scipy/stats/_multivariate.py:664: RuntimeWarning: covariance is not positive-semidefinite.
  out = random_state.multivariate_normal(mean, cov, size)
/uufs/chpc.utah.edu/common/home/u1079968/codes/bingo/bingo/symbolic_regression/bayes_fitness/bayes_fitness_function.py:106: RuntimeWarning: Mean of empty slice
  return np.nanmean(nmlls)
error with proposal creation
error with proposal creation
error with proposal creation
error with proposal creation
error with proposal creation
error with proposal creation
error with proposal creation
error with proposal creation
/uufs/chpc.utah.edu/common/home/u1079968/codes/SMCPy/smcpy/log_likelihoods.py:43: RuntimeWarning: overflow encountered in square
  ssqe = np.sum((output - data) ** 2, axis=1)
******************/0.9\******************
error with proposal creation
error with proposal creation
/uufs/chpc.utah.edu/common/home/u1079968/codes/SMCPy/smcpy/mcmc/mcmc_base.py:172: RuntimeWarning: overflow encountered in square
  squared_errors = np.square(self._data-output)
/uufs/chpc.utah.edu/common/home/u1079968/codes/bingo/bingo/symbolic_regression/agraph/evaluation_backend/operator_eval.py:78: RuntimeWarning: overflow encountered in multiply
  return forward_eval[param1] * forward_eval[param2]
error with proposal creation
error with proposal creation
******************/0.92\******************
error with proposal creation
error with proposal creation
error with proposal creation
error with proposal creation
error with proposal creation
error with proposal creation
error with proposal creation
******************/0.92\******************
error with proposal creation
error with proposal creation
error with proposal creation
error with proposal creation
error with proposal creation
error with proposal creation
error with proposal creation
******************/0.92\******************
error with proposal creation
error with proposal creation
error with proposal creation
error with proposal creation
error with proposal creation
fail
error with proposal creation
******************/0.91\******************
error with proposal creation
error with proposal creation
error with proposal creation
error with proposal creation
error with proposal creation
error with proposal creation
error with proposal creation
******************/0.92\******************
error with proposal creation
error with proposal creation
error with proposal creation
error with proposal creation
error with proposal creation
error with proposal creation
******************/0.91\******************
error with proposal creation
error with proposal creation
error with proposal creation
error with proposal creation
/uufs/chpc.utah.edu/common/home/u1079968/codes/SMCPy/smcpy/log_likelihoods.py:46: RuntimeWarning: overflow encountered in true_divide
  term2 = -1 / 2. * ssqe / var
error with proposal creation
error with proposal creation
******************/0.91\******************
error with proposal creation
error with proposal creation
error with proposal creation
error with proposal creation
error with proposal creation
fail
error with proposal creation
******************/0.91\******************
error with proposal creation
error with proposal creation
/uufs/chpc.utah.edu/common/home/u1079968/.conda/envs/myenv/lib/python3.7/site-packages/numpy/core/fromnumeric.py:87: RuntimeWarning: overflow encountered in reduce
  return ufunc.reduce(obj, axis, dtype, out, **passkwargs)
error with proposal creation
error with proposal creation
error with proposal creation
error with proposal creation
******************/0.92\******************
error with proposal creation
error with proposal creation
error with proposal creation
error with proposal creation
fail
error with proposal creation
error with proposal creation
error with proposal creation
error with proposal creation
error with proposal creation
error with proposal creation
******************/0.87\******************
error with proposal creation
error with proposal creation
error with proposal creation
error with proposal creation
error with proposal creation
error with proposal creation
error with proposal creation
error with proposal creation
error with proposal creation
******************/0.89\******************
error with proposal creation
error with proposal creation
error with proposal creation
error with proposal creation
error with proposal creation
error with proposal creation
error with proposal creation
error with proposal creation
error with proposal creation
error with proposal creation
******************/0.88\******************
error with proposal creation
error with proposal creation
error with proposal creation
error with proposal creation
error with proposal creation
error with proposal creation
error with proposal creation
error with proposal creation
error with proposal creation
error with proposal creation
error with proposal creation
******************/0.87\******************
error with proposal creation
error with proposal creation
error with proposal creation
error with proposal creation
error with proposal creation
error with proposal creation
error with proposal creation
error with proposal creation
******************/0.89\******************
error with proposal creation
error with proposal creation
error with proposal creation
error with proposal creation
error with proposal creation
error with proposal creation
error with proposal creation
error with proposal creation
error with proposal creation
error with proposal creation
******************/0.88\******************
error with proposal creation
error with proposal creation
error with proposal creation
error with proposal creation
error with proposal creation
error with proposal creation
error with proposal creation
error with proposal creation
error with proposal creation
******************/0.9\******************
error with proposal creation
error with proposal creation
error with proposal creation
error with proposal creation
fail
error with proposal creation
error with proposal creation
error with proposal creation
error with proposal creation
error with proposal creation
******************/0.87\******************
error with proposal creation
error with proposal creation
error with proposal creation
error with proposal creation
error with proposal creation
error with proposal creation
error with proposal creation
error with proposal creation
error with proposal creation
error with proposal creation
******************/0.85\******************
error with proposal creation
error with proposal creation
error with proposal creation
error with proposal creation
fail
error with proposal creation
error with proposal creation
error with proposal creation
error with proposal creation
error with proposal creation
******************/0.87\******************
error with proposal creation
error with proposal creation
error with proposal creation
error with proposal creation
error with proposal creation
error with proposal creation
******************/0.92\******************
error with proposal creation
error with proposal creation
error with proposal creation
error with proposal creation
error with proposal creation
******************/0.93\******************
error with proposal creation
error with proposal creation
error with proposal creation
error with proposal creation
error with proposal creation
error with proposal creation
******************/0.94\******************
error with proposal creation
error with proposal creation
error with proposal creation
error with proposal creation
error with proposal creation
error with proposal creation
error with proposal creation
******************/0.9\******************
error with proposal creation
error with proposal creation
error with proposal creation
error with proposal creation
error with proposal creation
error with proposal creation
error with proposal creation
******************/0.93\******************
error with proposal creation
error with proposal creation
error with proposal creation
error with proposal creation
error with proposal creation
******************/0.92\******************
error with proposal creation
error with proposal creation
error with proposal creation
error with proposal creation
error with proposal creation
******************/0.92\******************
error with proposal creation
error with proposal creation
error with proposal creation
error with proposal creation
error with proposal creation
******************/0.93\******************
error with proposal creation
error with proposal creation
error with proposal creation
error with proposal creation
******************/0.91\******************
error with proposal creation
/uufs/chpc.utah.edu/common/home/u1079968/codes/bingo/bingo/symbolic_regression/agraph/evaluation_backend/operator_eval.py:78: RuntimeWarning: overflow encountered in double_scalars
  return forward_eval[param1] * forward_eval[param2]
error with proposal creation
error with proposal creation
******************/0.94\******************
